<?xml version="1.0" encoding="UTF-8"?>
<testng-results ignored="0" total="1" passed="1" failed="0" skipped="0">
  <reporter-output>
  </reporter-output>
  <suite started-at="2022-06-04T12:51:39 EDT" name="Default suite" finished-at="2022-06-04T12:51:42 EDT" duration-ms="2500">
    <groups>
    </groups>
    <test started-at="2022-06-04T12:51:39 EDT" name="Default test" finished-at="2022-06-04T12:51:42 EDT" duration-ms="2500">
      <class name="TestCase.testcase1">
        <test-method is-config="true" signature="SetUp()[pri:0, instance:TestCase.testcase1@baf1bb3]" started-at="2022-06-04T12:51:39 EDT" name="SetUp" finished-at="2022-06-04T12:51:41 EDT" duration-ms="1985" status="PASS">
          <reporter-output>
          </reporter-output>
        </test-method> <!-- SetUp -->
        <test-method signature="Test()[pri:0, instance:TestCase.testcase1@baf1bb3]" started-at="2022-06-04T12:51:41 EDT" name="Test" finished-at="2022-06-04T12:51:42 EDT" duration-ms="469" status="PASS">
          <reporter-output>
          </reporter-output>
        </test-method> <!-- Test -->
        <test-method is-config="true" signature="tearDown()[pri:0, instance:TestCase.testcase1@baf1bb3]" started-at="2022-06-04T12:51:42 EDT" name="tearDown" finished-at="2022-06-04T12:51:42 EDT" duration-ms="1" status="PASS">
          <reporter-output>
          </reporter-output>
        </test-method> <!-- tearDown -->
      </class> <!-- TestCase.testcase1 -->
    </test> <!-- Default test -->
  </suite> <!-- Default suite -->
</testng-results>
