<?xml version="1.0" encoding="UTF-8"?>
<testng-results ignored="1" total="2" passed="1" failed="0" skipped="0">
  <reporter-output>
  </reporter-output>
  <suite started-at="2022-06-04T14:08:26 EDT" name="Default suite" finished-at="2022-06-04T14:08:34 EDT" duration-ms="7758">
    <groups>
    </groups>
    <test started-at="2022-06-04T14:08:26 EDT" name="Default test" finished-at="2022-06-04T14:08:34 EDT" duration-ms="7758">
      <class name="TestCase.testcase1">
        <test-method is-config="true" signature="SetUp()[pri:0, instance:TestCase.testcase1@6bcbf05b]" started-at="2022-06-04T14:08:26 EDT" name="SetUp" finished-at="2022-06-04T14:08:27 EDT" duration-ms="1633" status="PASS">
          <reporter-output>
          </reporter-output>
        </test-method> <!-- SetUp -->
        <test-method signature="SearchItem()[pri:0, instance:TestCase.testcase1@6bcbf05b]" started-at="2022-06-04T14:08:27 EDT" name="SearchItem" finished-at="2022-06-04T14:08:33 EDT" duration-ms="5875" status="PASS">
          <reporter-output>
          </reporter-output>
        </test-method> <!-- SearchItem -->
        <test-method is-config="true" signature="tearDown()[pri:0, instance:TestCase.testcase1@6bcbf05b]" started-at="2022-06-04T14:08:33 EDT" name="tearDown" finished-at="2022-06-04T14:08:34 EDT" duration-ms="213" status="PASS">
          <reporter-output>
          </reporter-output>
        </test-method> <!-- tearDown -->
      </class> <!-- TestCase.testcase1 -->
    </test> <!-- Default test -->
  </suite> <!-- Default suite -->
</testng-results>
